{"D:\\Documents\\УЧЕБА\\4 КУРС\\ДИПЛОМ\\media-insight-hub\\server\\src\\auth.js": {"path":"D:\\Documents\\УЧЕБА\\4 КУРС\\ДИПЛОМ\\media-insight-hub\\server\\src\\auth.js","statementMap":{"0":{"start":{"line":6,"column":19},"end":{"line":6,"column":41}},"1":{"start":{"line":7,"column":0},"end":{"line":11,"column":1}},"2":{"start":{"line":8,"column":2},"end":{"line":10,"column":5}},"3":{"start":{"line":20,"column":17},"end":{"line":20,"column":67}},"4":{"start":{"line":21,"column":2},"end":{"line":21,"column":56}},"5":{"start":{"line":29,"column":2},"end":{"line":34,"column":3}},"6":{"start":{"line":30,"column":19},"end":{"line":30,"column":69}},"7":{"start":{"line":31,"column":4},"end":{"line":31,"column":37}},"8":{"start":{"line":33,"column":4},"end":{"line":33,"column":16}},"9":{"start":{"line":42,"column":17},"end":{"line":42,"column":30}},"10":{"start":{"line":43,"column":2},"end":{"line":48,"column":5}},"11":{"start":{"line":52,"column":12},"end":{"line":52,"column":37}},"12":{"start":{"line":53,"column":2},"end":{"line":55,"column":3}},"13":{"start":{"line":54,"column":4},"end":{"line":54,"column":47}},"14":{"start":{"line":56,"column":16},"end":{"line":56,"column":26}},"15":{"start":{"line":57,"column":18},"end":{"line":57,"column":36}},"16":{"start":{"line":58,"column":2},"end":{"line":60,"column":3}},"17":{"start":{"line":59,"column":4},"end":{"line":59,"column":48}},"18":{"start":{"line":61,"column":2},"end":{"line":61,"column":27}},"19":{"start":{"line":62,"column":2},"end":{"line":62,"column":9}}},"fnMap":{"0":{"name":"signToken","decl":{"start":{"line":19,"column":16},"end":{"line":19,"column":25}},"loc":{"start":{"line":19,"column":35},"end":{"line":22,"column":1}},"line":19},"1":{"name":"verifyToken","decl":{"start":{"line":28,"column":16},"end":{"line":28,"column":27}},"loc":{"start":{"line":28,"column":35},"end":{"line":35,"column":1}},"line":28},"2":{"name":"authError","decl":{"start":{"line":41,"column":9},"end":{"line":41,"column":18}},"loc":{"start":{"line":41,"column":35},"end":{"line":49,"column":1}},"line":41},"3":{"name":"authMiddleware","decl":{"start":{"line":51,"column":16},"end":{"line":51,"column":30}},"loc":{"start":{"line":51,"column":47},"end":{"line":63,"column":1}},"line":51}},"branchMap":{"0":{"loc":{"start":{"line":7,"column":0},"end":{"line":11,"column":1}},"type":"if","locations":[{"start":{"line":7,"column":0},"end":{"line":11,"column":1}},{"start":{},"end":{}}],"line":7},"1":{"loc":{"start":{"line":7,"column":4},"end":{"line":7,"column":41}},"type":"binary-expr","locations":[{"start":{"line":7,"column":4},"end":{"line":7,"column":15}},{"start":{"line":7,"column":19},"end":{"line":7,"column":41}}],"line":7},"2":{"loc":{"start":{"line":20,"column":17},"end":{"line":20,"column":67}},"type":"binary-expr","locations":[{"start":{"line":20,"column":17},"end":{"line":20,"column":27}},{"start":{"line":20,"column":31},"end":{"line":20,"column":67}}],"line":20},"3":{"loc":{"start":{"line":30,"column":19},"end":{"line":30,"column":69}},"type":"binary-expr","locations":[{"start":{"line":30,"column":19},"end":{"line":30,"column":29}},{"start":{"line":30,"column":33},"end":{"line":30,"column":69}}],"line":30},"4":{"loc":{"start":{"line":53,"column":2},"end":{"line":55,"column":3}},"type":"if","locations":[{"start":{"line":53,"column":2},"end":{"line":55,"column":3}},{"start":{},"end":{}}],"line":53},"5":{"loc":{"start":{"line":53,"column":6},"end":{"line":53,"column":36}},"type":"binary-expr","locations":[{"start":{"line":53,"column":6},"end":{"line":53,"column":8}},{"start":{"line":53,"column":12},"end":{"line":53,"column":36}}],"line":53},"6":{"loc":{"start":{"line":58,"column":2},"end":{"line":60,"column":3}},"type":"if","locations":[{"start":{"line":58,"column":2},"end":{"line":60,"column":3}},{"start":{},"end":{}}],"line":58},"7":{"loc":{"start":{"line":58,"column":6},"end":{"line":58,"column":49}},"type":"binary-expr","locations":[{"start":{"line":58,"column":6},"end":{"line":58,"column":14}},{"start":{"line":58,"column":18},"end":{"line":58,"column":49}}],"line":58}},"s":{"0":4,"1":4,"2":0,"3":37,"4":37,"5":37,"6":37,"7":37,"8":1,"9":6,"10":6,"11":36,"12":36,"13":6,"14":30,"15":30,"16":30,"17":0,"18":30,"19":30},"f":{"0":37,"1":37,"2":6,"3":36},"b":{"0":[0,4],"1":[4,4],"2":[37,0],"3":[37,0],"4":[6,30],"5":[36,30],"6":[0,30],"7":[30,30]},"meta":{"lastBranch":8,"lastFunction":4,"lastStatement":20,"seen":{"s:6:19:6:41":0,"b:7:0:11:1:undefined:undefined:undefined:undefined":0,"s:7:0:11:1":1,"b:7:4:7:15:7:19:7:41":1,"s:8:2:10:5":2,"f:19:16:19:25":0,"s:20:17:20:67":3,"b:20:17:20:27:20:31:20:67":2,"s:21:2:21:56":4,"f:28:16:28:27":1,"s:29:2:34:3":5,"s:30:19:30:69":6,"b:30:19:30:29:30:33:30:69":3,"s:31:4:31:37":7,"s:33:4:33:16":8,"f:41:9:41:18":2,"s:42:17:42:30":9,"s:43:2:48:5":10,"f:51:16:51:30":3,"s:52:12:52:37":11,"b:53:2:55:3:undefined:undefined:undefined:undefined":4,"s:53:2:55:3":12,"b:53:6:53:8:53:12:53:36":5,"s:54:4:54:47":13,"s:56:16:56:26":14,"s:57:18:57:36":15,"b:58:2:60:3:undefined:undefined:undefined:undefined":6,"s:58:2:60:3":16,"b:58:6:58:14:58:18:58:49":7,"s:59:4:59:48":17,"s:61:2:61:27":18,"s:62:2:62:9":19}}}
,"D:\\Documents\\УЧЕБА\\4 КУРС\\ДИПЛОМ\\media-insight-hub\\server\\src\\db.js": {"path":"D:\\Documents\\УЧЕБА\\4 КУРС\\ДИПЛОМ\\media-insight-hub\\server\\src\\db.js","statementMap":{"0":{"start":{"line":6,"column":18},"end":{"line":6,"column":62}},"1":{"start":{"line":8,"column":15},"end":{"line":8,"column":75}},"2":{"start":{"line":11,"column":10},"end":{"line":11,"column":14}},"3":{"start":{"line":17,"column":2},"end":{"line":17,"column":null}},"4":{"start":{"line":17,"column":11},"end":{"line":17,"column":null}},"5":{"start":{"line":18,"column":2},"end":{"line":18,"column":null}},"6":{"start":{"line":19,"column":2},"end":{"line":19,"column":null}},"7":{"start":{"line":20,"column":2},"end":{"line":20,"column":null}},"8":{"start":{"line":21,"column":2},"end":{"line":21,"column":null}},"9":{"start":{"line":22,"column":2},"end":{"line":22,"column":null}},"10":{"start":{"line":23,"column":2},"end":{"line":23,"column":null}},"11":{"start":{"line":28,"column":2},"end":{"line":28,"column":null}},"12":{"start":{"line":33,"column":2},"end":{"line":33,"column":null}},"13":{"start":{"line":33,"column":13},"end":{"line":33,"column":56}},"14":{"start":{"line":33,"column":19},"end":{"line":33,"column":31}},"15":{"start":{"line":34,"column":2},"end":{"line":34,"column":null}},"16":{"start":{"line":38,"column":40},"end":{"line":38,"column":55}},"17":{"start":{"line":42,"column":2},"end":{"line":107,"column":null}}},"fnMap":{"0":{"name":"getDb","decl":{"start":{"line":16,"column":16},"end":{"line":16,"column":21}},"loc":{"start":{"line":16,"column":24},"end":{"line":24,"column":null}},"line":16},"1":{"name":"setDb","decl":{"start":{"line":27,"column":16},"end":{"line":27,"column":21}},"loc":{"start":{"line":27,"column":26},"end":{"line":29,"column":null}},"line":27},"2":{"name":"resetDb","decl":{"start":{"line":32,"column":16},"end":{"line":32,"column":23}},"loc":{"start":{"line":32,"column":26},"end":{"line":35,"column":null}},"line":32},"3":{"name":"initSchemaForTest","decl":{"start":{"line":38,"column":16},"end":{"line":38,"column":33}},"loc":{"start":{"line":38,"column":38},"end":{"line":38,"column":null}},"line":38},"4":{"name":"initSchema","decl":{"start":{"line":41,"column":9},"end":{"line":41,"column":19}},"loc":{"start":{"line":41,"column":24},"end":{"line":108,"column":null}},"line":41}},"branchMap":{"0":{"loc":{"start":{"line":8,"column":15},"end":{"line":8,"column":75}},"type":"binary-expr","locations":[{"start":{"line":8,"column":15},"end":{"line":8,"column":34}},{"start":{"line":8,"column":38},"end":{"line":8,"column":75}}],"line":8},"1":{"loc":{"start":{"line":17,"column":2},"end":{"line":17,"column":null}},"type":"if","locations":[{"start":{"line":17,"column":2},"end":{"line":17,"column":null}},{"start":{},"end":{}}],"line":17},"2":{"loc":{"start":{"line":33,"column":2},"end":{"line":33,"column":null}},"type":"if","locations":[{"start":{"line":33,"column":2},"end":{"line":33,"column":null}},{"start":{},"end":{}}],"line":33}},"s":{"0":4,"1":4,"2":4,"3":82,"4":82,"5":0,"6":0,"7":0,"8":0,"9":0,"10":0,"11":57,"12":57,"13":57,"14":57,"15":57,"16":57,"17":57},"f":{"0":82,"1":57,"2":57,"3":57,"4":57},"b":{"0":[4,4],"1":[82,0],"2":[57,0]},"meta":{"lastBranch":3,"lastFunction":5,"lastStatement":18,"seen":{"s:6:18:6:62":0,"s:8:15:8:75":1,"b:8:15:8:34:8:38:8:75":0,"s:11:10:11:14":2,"f:16:16:16:21":0,"b:17:2:17:Infinity:undefined:undefined:undefined:undefined":1,"s:17:2:17:Infinity":3,"s:17:11:17:Infinity":4,"s:18:2:18:Infinity":5,"s:19:2:19:Infinity":6,"s:20:2:20:Infinity":7,"s:21:2:21:Infinity":8,"s:22:2:22:Infinity":9,"s:23:2:23:Infinity":10,"f:27:16:27:21":1,"s:28:2:28:Infinity":11,"f:32:16:32:23":2,"b:33:2:33:Infinity:undefined:undefined:undefined:undefined":2,"s:33:2:33:Infinity":12,"s:33:13:33:56":13,"s:33:19:33:31":14,"s:34:2:34:Infinity":15,"f:38:16:38:33":3,"s:38:40:38:55":16,"f:41:9:41:19":4,"s:42:2:107:Infinity":17}}}
,"D:\\Documents\\УЧЕБА\\4 КУРС\\ДИПЛОМ\\media-insight-hub\\server\\src\\logger.js": {"path":"D:\\Documents\\УЧЕБА\\4 КУРС\\ДИПЛОМ\\media-insight-hub\\server\\src\\logger.js","statementMap":{"0":{"start":{"line":7,"column":18},"end":{"line":7,"column":62}},"1":{"start":{"line":10,"column":14},"end":{"line":10,"column":61}},"2":{"start":{"line":12,"column":15},"end":{"line":12,"column":72}},"3":{"start":{"line":14,"column":0},"end":{"line":18,"column":null}},"4":{"start":{"line":15,"column":2},"end":{"line":15,"column":null}},"5":{"start":{"line":20,"column":19},"end":{"line":24,"column":2}},"6":{"start":{"line":21,"column":15},"end":{"line":21,"column":86}},"7":{"start":{"line":21,"column":47},"end":{"line":21,"column":85}},"8":{"start":{"line":22,"column":15},"end":{"line":22,"column":105}},"9":{"start":{"line":22,"column":83},"end":{"line":22,"column":95}},"10":{"start":{"line":23,"column":2},"end":{"line":23,"column":null}},"11":{"start":{"line":26,"column":19},"end":{"line":30,"column":1}},"12":{"start":{"line":32,"column":19},"end":{"line":45,"column":1}},"13":{"start":{"line":50,"column":22},"end":{"line":53,"column":2}},"14":{"start":{"line":55,"column":0},"end":{"line":55,"column":null}}},"fnMap":{"0":{"name":"(anonymous_0)","decl":{"start":{"line":20,"column":41},"end":{"line":20,"column":42}},"loc":{"start":{"line":20,"column":90},"end":{"line":24,"column":1}},"line":20},"1":{"name":"(anonymous_1)","decl":{"start":{"line":21,"column":40},"end":{"line":21,"column":41}},"loc":{"start":{"line":21,"column":47},"end":{"line":21,"column":85}},"line":21},"2":{"name":"(anonymous_2)","decl":{"start":{"line":22,"column":76},"end":{"line":22,"column":77}},"loc":{"start":{"line":22,"column":83},"end":{"line":22,"column":95}},"line":22}},"branchMap":{"0":{"loc":{"start":{"line":10,"column":15},"end":{"line":10,"column":46}},"type":"binary-expr","locations":[{"start":{"line":10,"column":15},"end":{"line":10,"column":36}},{"start":{"line":10,"column":40},"end":{"line":10,"column":46}}],"line":10},"1":{"loc":{"start":{"line":12,"column":15},"end":{"line":12,"column":72}},"type":"binary-expr","locations":[{"start":{"line":12,"column":15},"end":{"line":12,"column":34}},{"start":{"line":12,"column":38},"end":{"line":12,"column":72}}],"line":12},"2":{"loc":{"start":{"line":21,"column":47},"end":{"line":21,"column":85}},"type":"binary-expr","locations":[{"start":{"line":21,"column":47},"end":{"line":21,"column":60}},{"start":{"line":21,"column":64},"end":{"line":21,"column":85}}],"line":21},"3":{"loc":{"start":{"line":22,"column":15},"end":{"line":22,"column":105}},"type":"cond-expr","locations":[{"start":{"line":22,"column":29},"end":{"line":22,"column":100}},{"start":{"line":22,"column":103},"end":{"line":22,"column":105}}],"line":22},"4":{"loc":{"start":{"line":40,"column":13},"end":{"line":40,"column":50}},"type":"binary-expr","locations":[{"start":{"line":40,"column":13},"end":{"line":40,"column":42}},{"start":{"line":40,"column":46},"end":{"line":40,"column":50}}],"line":40},"5":{"loc":{"start":{"line":41,"column":14},"end":{"line":41,"column":48}},"type":"binary-expr","locations":[{"start":{"line":41,"column":14},"end":{"line":41,"column":39}},{"start":{"line":41,"column":43},"end":{"line":41,"column":48}}],"line":41}},"s":{"0":4,"1":4,"2":4,"3":4,"4":4,"5":4,"6":226,"7":1284,"8":226,"9":1284,"10":226,"11":4,"12":4,"13":4,"14":4},"f":{"0":226,"1":1284,"2":1284},"b":{"0":[4,4],"1":[4,4],"2":[1284,1284],"3":[226,0],"4":[4,4],"5":[4,4]},"meta":{"lastBranch":6,"lastFunction":3,"lastStatement":15,"seen":{"s:7:18:7:62":0,"s:10:14:10:61":1,"b:10:15:10:36:10:40:10:46":0,"s:12:15:12:72":2,"b:12:15:12:34:12:38:12:72":1,"s:14:0:18:Infinity":3,"s:15:2:15:Infinity":4,"s:20:19:24:2":5,"f:20:41:20:42":0,"s:21:15:21:86":6,"f:21:40:21:41":1,"s:21:47:21:85":7,"b:21:47:21:60:21:64:21:85":2,"s:22:15:22:105":8,"b:22:29:22:100:22:103:22:105":3,"f:22:76:22:77":2,"s:22:83:22:95":9,"s:23:2:23:Infinity":10,"s:26:19:30:1":11,"s:32:19:45:1":12,"b:40:13:40:42:40:46:40:50":4,"b:41:14:41:39:41:43:41:48":5,"s:50:22:53:2":13,"s:55:0:55:Infinity":14}}}
,"D:\\Documents\\УЧЕБА\\4 КУРС\\ДИПЛОМ\\media-insight-hub\\server\\src\\mailer.js": {"path":"D:\\Documents\\УЧЕБА\\4 КУРС\\ДИПЛОМ\\media-insight-hub\\server\\src\\mailer.js","statementMap":{"0":{"start":{"line":3,"column":20},"end":{"line":9,"column":2}},"1":{"start":{"line":16,"column":2},"end":{"line":26,"column":null}}},"fnMap":{"0":{"name":"sendPasswordResetEmail","decl":{"start":{"line":15,"column":22},"end":{"line":15,"column":44}},"loc":{"start":{"line":15,"column":59},"end":{"line":27,"column":null}},"line":15}},"branchMap":{},"s":{"0":4,"1":1},"f":{"0":1},"b":{},"meta":{"lastBranch":0,"lastFunction":1,"lastStatement":2,"seen":{"s:3:20:9:2":0,"f:15:22:15:44":0,"s:16:2:26:Infinity":1}}}
,"D:\\Documents\\УЧЕБА\\4 КУРС\\ДИПЛОМ\\media-insight-hub\\server\\src\\__tests__\\helpers.js": {"path":"D:\\Documents\\УЧЕБА\\4 КУРС\\ДИПЛОМ\\media-insight-hub\\server\\src\\__tests__\\helpers.js","statementMap":{"0":{"start":{"line":12,"column":13},"end":{"line":12,"column":23}},"1":{"start":{"line":13,"column":2},"end":{"line":13,"column":null}},"2":{"start":{"line":14,"column":2},"end":{"line":14,"column":null}},"3":{"start":{"line":15,"column":2},"end":{"line":15,"column":null}},"4":{"start":{"line":16,"column":2},"end":{"line":16,"column":null}},"5":{"start":{"line":17,"column":2},"end":{"line":17,"column":null}},"6":{"start":{"line":18,"column":2},"end":{"line":18,"column":null}},"7":{"start":{"line":19,"column":2},"end":{"line":19,"column":null}},"8":{"start":{"line":23,"column":13},"end":{"line":23,"column":37}},"9":{"start":{"line":24,"column":2},"end":{"line":24,"column":null}},"10":{"start":{"line":25,"column":1},"end":{"line":25,"column":null}},"11":{"start":{"line":26,"column":1},"end":{"line":26,"column":null}},"12":{"start":{"line":27,"column":2},"end":{"line":27,"column":null}},"13":{"start":{"line":33,"column":14},"end":{"line":35,"column":56}},"14":{"start":{"line":36,"column":2},"end":{"line":36,"column":null}}},"fnMap":{"0":{"name":"buildTestApp","decl":{"start":{"line":11,"column":16},"end":{"line":11,"column":28}},"loc":{"start":{"line":11,"column":31},"end":{"line":20,"column":null}},"line":11},"1":{"name":"setupTestDb","decl":{"start":{"line":22,"column":16},"end":{"line":22,"column":27}},"loc":{"start":{"line":22,"column":30},"end":{"line":28,"column":null}},"line":22},"2":{"name":"registerAndLogin","decl":{"start":{"line":32,"column":22},"end":{"line":32,"column":38}},"loc":{"start":{"line":32,"column":96},"end":{"line":37,"column":null}},"line":32}},"branchMap":{"0":{"loc":{"start":{"line":32,"column":44},"end":{"line":32,"column":70}},"type":"default-arg","locations":[{"start":{"line":32,"column":52},"end":{"line":32,"column":70}}],"line":32},"1":{"loc":{"start":{"line":32,"column":72},"end":{"line":32,"column":94}},"type":"default-arg","locations":[{"start":{"line":32,"column":83},"end":{"line":32,"column":94}}],"line":32}},"s":{"0":4,"1":4,"2":4,"3":4,"4":4,"5":4,"6":4,"7":4,"8":57,"9":57,"10":57,"11":57,"12":57,"13":30,"14":30},"f":{"0":4,"1":57,"2":30},"b":{"0":[30],"1":[30]},"meta":{"lastBranch":2,"lastFunction":3,"lastStatement":15,"seen":{"f:11:16:11:28":0,"s:12:13:12:23":0,"s:13:2:13:Infinity":1,"s:14:2:14:Infinity":2,"s:15:2:15:Infinity":3,"s:16:2:16:Infinity":4,"s:17:2:17:Infinity":5,"s:18:2:18:Infinity":6,"s:19:2:19:Infinity":7,"f:22:16:22:27":1,"s:23:13:23:37":8,"s:24:2:24:Infinity":9,"s:25:1:25:Infinity":10,"s:26:1:26:Infinity":11,"s:27:2:27:Infinity":12,"f:32:22:32:38":2,"b:32:52:32:70":0,"b:32:83:32:94":1,"s:33:14:35:56":13,"s:36:2:36:Infinity":14}}}
,"D:\\Documents\\УЧЕБА\\4 КУРС\\ДИПЛОМ\\media-insight-hub\\server\\src\\messages\\userErrorsUk.js": {"path":"D:\\Documents\\УЧЕБА\\4 КУРС\\ДИПЛОМ\\media-insight-hub\\server\\src\\messages\\userErrorsUk.js","statementMap":{"0":{"start":{"line":4,"column":12},"end":{"line":19,"column":1}},"1":{"start":{"line":26,"column":2},"end":{"line":26,"column":null}}},"fnMap":{"0":{"name":"userMessageForError","decl":{"start":{"line":25,"column":16},"end":{"line":25,"column":35}},"loc":{"start":{"line":25,"column":42},"end":{"line":27,"column":null}},"line":25}},"branchMap":{"0":{"loc":{"start":{"line":26,"column":9},"end":{"line":26,"column":33}},"type":"binary-expr","locations":[{"start":{"line":26,"column":9},"end":{"line":26,"column":18}},{"start":{"line":26,"column":22},"end":{"line":26,"column":33}}],"line":26}},"s":{"0":4,"1":6},"f":{"0":6},"b":{"0":[6,0]},"meta":{"lastBranch":1,"lastFunction":1,"lastStatement":2,"seen":{"s:4:12:19:1":0,"f:25:16:25:35":0,"s:26:2:26:Infinity":1,"b:26:9:26:18:26:22:26:33":0}}}
,"D:\\Documents\\УЧЕБА\\4 КУРС\\ДИПЛОМ\\media-insight-hub\\server\\src\\middleware\\requestContext.js": {"path":"D:\\Documents\\УЧЕБА\\4 КУРС\\ДИПЛОМ\\media-insight-hub\\server\\src\\middleware\\requestContext.js","statementMap":{"0":{"start":{"line":13,"column":19},"end":{"line":13,"column":46}},"1":{"start":{"line":14,"column":20},"end":{"line":14,"column":113}},"2":{"start":{"line":15,"column":2},"end":{"line":15,"column":null}},"3":{"start":{"line":16,"column":2},"end":{"line":16,"column":null}},"4":{"start":{"line":18,"column":18},"end":{"line":18,"column":28}},"5":{"start":{"line":19,"column":2},"end":{"line":30,"column":null}},"6":{"start":{"line":20,"column":23},"end":{"line":20,"column":43}},"7":{"start":{"line":21,"column":19},"end":{"line":21,"column":74}},"8":{"start":{"line":22,"column":4},"end":{"line":29,"column":null}},"9":{"start":{"line":32,"column":2},"end":{"line":32,"column":null}}},"fnMap":{"0":{"name":"requestContextMiddleware","decl":{"start":{"line":12,"column":16},"end":{"line":12,"column":40}},"loc":{"start":{"line":12,"column":57},"end":{"line":33,"column":null}},"line":12},"1":{"name":"(anonymous_1)","decl":{"start":{"line":19,"column":19},"end":{"line":19,"column":20}},"loc":{"start":{"line":19,"column":25},"end":{"line":30,"column":3}},"line":19}},"branchMap":{"0":{"loc":{"start":{"line":14,"column":20},"end":{"line":14,"column":113}},"type":"cond-expr","locations":[{"start":{"line":14,"column":70},"end":{"line":14,"column":98}},{"start":{"line":14,"column":100},"end":{"line":14,"column":113}}],"line":14},"1":{"loc":{"start":{"line":14,"column":20},"end":{"line":14,"column":67}},"type":"binary-expr","locations":[{"start":{"line":14,"column":20},"end":{"line":14,"column":48}},{"start":{"line":14,"column":52},"end":{"line":14,"column":67}}],"line":14},"2":{"loc":{"start":{"line":21,"column":19},"end":{"line":21,"column":74}},"type":"cond-expr","locations":[{"start":{"line":21,"column":52},"end":{"line":21,"column":62}},{"start":{"line":21,"column":65},"end":{"line":21,"column":74}}],"line":21},"3":{"loc":{"start":{"line":25,"column":12},"end":{"line":25,"column":38}},"type":"binary-expr","locations":[{"start":{"line":25,"column":12},"end":{"line":25,"column":27}},{"start":{"line":25,"column":31},"end":{"line":25,"column":38}}],"line":25},"4":{"loc":{"start":{"line":28,"column":14},"end":{"line":28,"column":null}},"type":"binary-expr","locations":[{"start":{"line":28,"column":14},"end":{"line":28,"column":20}},{"start":{"line":28,"column":24},"end":{"line":28,"column":null}}],"line":28}},"s":{"0":105,"1":105,"2":105,"3":105,"4":105,"5":105,"6":105,"7":105,"8":105,"9":105},"f":{"0":105,"1":105},"b":{"0":[0,105],"1":[105,0],"2":[30,75],"3":[105,0],"4":[105,75]},"meta":{"lastBranch":5,"lastFunction":2,"lastStatement":10,"seen":{"f:12:16:12:40":0,"s:13:19:13:46":0,"s:14:20:14:113":1,"b:14:70:14:98:14:100:14:113":0,"b:14:20:14:48:14:52:14:67":1,"s:15:2:15:Infinity":2,"s:16:2:16:Infinity":3,"s:18:18:18:28":4,"s:19:2:30:Infinity":5,"f:19:19:19:20":1,"s:20:23:20:43":6,"s:21:19:21:74":7,"b:21:52:21:62:21:65:21:74":2,"s:22:4:29:Infinity":8,"b:25:12:25:27:25:31:25:38":3,"b:28:14:28:20:28:24:28:Infinity":4,"s:32:2:32:Infinity":9}}}
,"D:\\Documents\\УЧЕБА\\4 КУРС\\ДИПЛОМ\\media-insight-hub\\server\\src\\routes\\authRoutes.js": {"path":"D:\\Documents\\УЧЕБА\\4 КУРС\\ДИПЛОМ\\media-insight-hub\\server\\src\\routes\\authRoutes.js","statementMap":{"0":{"start":{"line":8,"column":14},"end":{"line":8,"column":23}},"1":{"start":{"line":11,"column":2},"end":{"line":16,"column":null}},"2":{"start":{"line":19,"column":0},"end":{"line":58,"column":null}},"3":{"start":{"line":20,"column":2},"end":{"line":57,"column":null}},"4":{"start":{"line":21,"column":18},"end":{"line":23,"column":20}},"5":{"start":{"line":24,"column":21},"end":{"line":24,"column":53}},"6":{"start":{"line":25,"column":20},"end":{"line":25,"column":84}},"7":{"start":{"line":26,"column":24},"end":{"line":26,"column":59}},"8":{"start":{"line":28,"column":4},"end":{"line":30,"column":null}},"9":{"start":{"line":29,"column":6},"end":{"line":29,"column":null}},"10":{"start":{"line":31,"column":4},"end":{"line":33,"column":null}},"11":{"start":{"line":32,"column":6},"end":{"line":32,"column":null}},"12":{"start":{"line":34,"column":4},"end":{"line":36,"column":null}},"13":{"start":{"line":35,"column":6},"end":{"line":35,"column":null}},"14":{"start":{"line":38,"column":14},"end":{"line":38,"column":22}},"15":{"start":{"line":39,"column":21},"end":{"line":39,"column":82}},"16":{"start":{"line":40,"column":4},"end":{"line":42,"column":null}},"17":{"start":{"line":41,"column":6},"end":{"line":41,"column":null}},"18":{"start":{"line":44,"column":15},"end":{"line":44,"column":34}},"19":{"start":{"line":45,"column":17},"end":{"line":45,"column":48}},"20":{"start":{"line":46,"column":22},"end":{"line":46,"column":46}},"21":{"start":{"line":48,"column":4},"end":{"line":50,"column":null}},"22":{"start":{"line":52,"column":17},"end":{"line":52,"column":91}},"23":{"start":{"line":53,"column":17},"end":{"line":53,"column":47}},"24":{"start":{"line":54,"column":4},"end":{"line":54,"column":null}},"25":{"start":{"line":56,"column":4},"end":{"line":56,"column":null}},"26":{"start":{"line":60,"column":0},"end":{"line":84,"column":null}},"27":{"start":{"line":61,"column":2},"end":{"line":83,"column":null}},"28":{"start":{"line":62,"column":18},"end":{"line":64,"column":20}},"29":{"start":{"line":65,"column":21},"end":{"line":65,"column":53}},"30":{"start":{"line":67,"column":4},"end":{"line":69,"column":null}},"31":{"start":{"line":68,"column":6},"end":{"line":68,"column":null}},"32":{"start":{"line":71,"column":14},"end":{"line":71,"column":22}},"33":{"start":{"line":72,"column":16},"end":{"line":72,"column":76}},"34":{"start":{"line":73,"column":18},"end":{"line":73,"column":81}},"35":{"start":{"line":74,"column":4},"end":{"line":76,"column":null}},"36":{"start":{"line":75,"column":6},"end":{"line":75,"column":null}},"37":{"start":{"line":78,"column":17},"end":{"line":78,"column":31}},"38":{"start":{"line":79,"column":17},"end":{"line":79,"column":62}},"39":{"start":{"line":80,"column":4},"end":{"line":80,"column":null}},"40":{"start":{"line":82,"column":4},"end":{"line":82,"column":null}},"41":{"start":{"line":86,"column":0},"end":{"line":105,"column":null}},"42":{"start":{"line":87,"column":2},"end":{"line":104,"column":null}},"43":{"start":{"line":88,"column":14},"end":{"line":88,"column":39}},"44":{"start":{"line":89,"column":4},"end":{"line":91,"column":null}},"45":{"start":{"line":90,"column":6},"end":{"line":90,"column":null}},"46":{"start":{"line":92,"column":19},"end":{"line":92,"column":43}},"47":{"start":{"line":93,"column":4},"end":{"line":95,"column":null}},"48":{"start":{"line":94,"column":6},"end":{"line":94,"column":null}},"49":{"start":{"line":96,"column":20},"end":{"line":96,"column":94}},"50":{"start":{"line":97,"column":24},"end":{"line":97,"column":70}},"51":{"start":{"line":98,"column":14},"end":{"line":98,"column":22}},"52":{"start":{"line":99,"column":4},"end":{"line":99,"column":null}},"53":{"start":{"line":100,"column":16},"end":{"line":100,"column":79}},"54":{"start":{"line":101,"column":4},"end":{"line":101,"column":null}},"55":{"start":{"line":103,"column":4},"end":{"line":103,"column":null}},"56":{"start":{"line":107,"column":0},"end":{"line":140,"column":null}},"57":{"start":{"line":108,"column":2},"end":{"line":139,"column":null}},"58":{"start":{"line":109,"column":14},"end":{"line":109,"column":39}},"59":{"start":{"line":110,"column":4},"end":{"line":112,"column":null}},"60":{"start":{"line":111,"column":6},"end":{"line":111,"column":null}},"61":{"start":{"line":113,"column":19},"end":{"line":113,"column":43}},"62":{"start":{"line":114,"column":4},"end":{"line":116,"column":null}},"63":{"start":{"line":115,"column":6},"end":{"line":115,"column":null}},"64":{"start":{"line":117,"column":28},"end":{"line":117,"column":67}},"65":{"start":{"line":118,"column":24},"end":{"line":118,"column":59}},"66":{"start":{"line":119,"column":4},"end":{"line":121,"column":null}},"67":{"start":{"line":120,"column":6},"end":{"line":120,"column":null}},"68":{"start":{"line":122,"column":4},"end":{"line":124,"column":null}},"69":{"start":{"line":123,"column":6},"end":{"line":123,"column":null}},"70":{"start":{"line":125,"column":14},"end":{"line":125,"column":22}},"71":{"start":{"line":126,"column":16},"end":{"line":126,"column":79}},"72":{"start":{"line":127,"column":4},"end":{"line":129,"column":null}},"73":{"start":{"line":128,"column":6},"end":{"line":128,"column":null}},"74":{"start":{"line":130,"column":18},"end":{"line":130,"column":74}},"75":{"start":{"line":131,"column":4},"end":{"line":133,"column":null}},"76":{"start":{"line":132,"column":6},"end":{"line":132,"column":null}},"77":{"start":{"line":134,"column":17},"end":{"line":134,"column":51}},"78":{"start":{"line":135,"column":4},"end":{"line":135,"column":null}},"79":{"start":{"line":136,"column":4},"end":{"line":136,"column":null}},"80":{"start":{"line":138,"column":4},"end":{"line":138,"column":null}},"81":{"start":{"line":142,"column":0},"end":{"line":172,"column":null}},"82":{"start":{"line":143,"column":2},"end":{"line":171,"column":null}},"83":{"start":{"line":144,"column":18},"end":{"line":144,"column":68}},"84":{"start":{"line":145,"column":4},"end":{"line":147,"column":null}},"85":{"start":{"line":146,"column":6},"end":{"line":146,"column":null}},"86":{"start":{"line":149,"column":14},"end":{"line":149,"column":22}},"87":{"start":{"line":150,"column":17},"end":{"line":150,"column":78}},"88":{"start":{"line":153,"column":4},"end":{"line":153,"column":null}},"89":{"start":{"line":153,"column":15},"end":{"line":153,"column":null}},"90":{"start":{"line":156,"column":4},"end":{"line":156,"column":null}},"91":{"start":{"line":158,"column":18},"end":{"line":158,"column":56}},"92":{"start":{"line":159,"column":22},"end":{"line":159,"column":49}},"93":{"start":{"line":160,"column":4},"end":{"line":162,"column":null}},"94":{"start":{"line":164,"column":27},"end":{"line":164,"column":81}},"95":{"start":{"line":165,"column":21},"end":{"line":165,"column":70}},"96":{"start":{"line":166,"column":4},"end":{"line":166,"column":null}},"97":{"start":{"line":168,"column":4},"end":{"line":168,"column":null}},"98":{"start":{"line":170,"column":4},"end":{"line":170,"column":null}},"99":{"start":{"line":174,"column":0},"end":{"line":204,"column":null}},"100":{"start":{"line":175,"column":2},"end":{"line":203,"column":null}},"101":{"start":{"line":176,"column":18},"end":{"line":176,"column":54}},"102":{"start":{"line":177,"column":24},"end":{"line":177,"column":59}},"103":{"start":{"line":179,"column":4},"end":{"line":181,"column":null}},"104":{"start":{"line":180,"column":6},"end":{"line":180,"column":null}},"105":{"start":{"line":182,"column":4},"end":{"line":184,"column":null}},"106":{"start":{"line":183,"column":6},"end":{"line":183,"column":null}},"107":{"start":{"line":185,"column":4},"end":{"line":187,"column":null}},"108":{"start":{"line":186,"column":6},"end":{"line":186,"column":null}},"109":{"start":{"line":189,"column":14},"end":{"line":189,"column":22}},"110":{"start":{"line":190,"column":16},"end":{"line":190,"column":92}},"111":{"start":{"line":192,"column":4},"end":{"line":194,"column":null}},"112":{"start":{"line":193,"column":6},"end":{"line":193,"column":null}},"113":{"start":{"line":196,"column":17},"end":{"line":196,"column":51}},"114":{"start":{"line":197,"column":4},"end":{"line":197,"column":null}},"115":{"start":{"line":198,"column":4},"end":{"line":198,"column":null}},"116":{"start":{"line":200,"column":4},"end":{"line":200,"column":null}},"117":{"start":{"line":202,"column":4},"end":{"line":202,"column":null}},"118":{"start":{"line":206,"column":0},"end":{"line":223,"column":null}},"119":{"start":{"line":207,"column":12},"end":{"line":207,"column":37}},"120":{"start":{"line":208,"column":2},"end":{"line":210,"column":null}},"121":{"start":{"line":209,"column":4},"end":{"line":209,"column":null}},"122":{"start":{"line":211,"column":17},"end":{"line":211,"column":41}},"123":{"start":{"line":212,"column":2},"end":{"line":214,"column":null}},"124":{"start":{"line":213,"column":4},"end":{"line":213,"column":null}},"125":{"start":{"line":216,"column":12},"end":{"line":216,"column":20}},"126":{"start":{"line":217,"column":14},"end":{"line":217,"column":77}},"127":{"start":{"line":218,"column":2},"end":{"line":220,"column":null}},"128":{"start":{"line":219,"column":4},"end":{"line":219,"column":null}},"129":{"start":{"line":222,"column":2},"end":{"line":222,"column":null}}},"fnMap":{"0":{"name":"rowToUser","decl":{"start":{"line":10,"column":9},"end":{"line":10,"column":18}},"loc":{"start":{"line":10,"column":24},"end":{"line":17,"column":null}},"line":10},"1":{"name":"(anonymous_1)","decl":{"start":{"line":19,"column":25},"end":{"line":19,"column":30}},"loc":{"start":{"line":19,"column":51},"end":{"line":58,"column":1}},"line":19},"2":{"name":"(anonymous_2)","decl":{"start":{"line":60,"column":22},"end":{"line":60,"column":27}},"loc":{"start":{"line":60,"column":48},"end":{"line":84,"column":1}},"line":60},"3":{"name":"(anonymous_3)","decl":{"start":{"line":86,"column":25},"end":{"line":86,"column":30}},"loc":{"start":{"line":86,"column":51},"end":{"line":105,"column":1}},"line":86},"4":{"name":"(anonymous_4)","decl":{"start":{"line":107,"column":26},"end":{"line":107,"column":31}},"loc":{"start":{"line":107,"column":52},"end":{"line":140,"column":1}},"line":107},"5":{"name":"(anonymous_5)","decl":{"start":{"line":142,"column":32},"end":{"line":142,"column":37}},"loc":{"start":{"line":142,"column":58},"end":{"line":172,"column":1}},"line":142},"6":{"name":"(anonymous_6)","decl":{"start":{"line":174,"column":31},"end":{"line":174,"column":36}},"loc":{"start":{"line":174,"column":57},"end":{"line":204,"column":1}},"line":174},"7":{"name":"(anonymous_7)","decl":{"start":{"line":206,"column":18},"end":{"line":206,"column":19}},"loc":{"start":{"line":206,"column":32},"end":{"line":223,"column":1}},"line":206}},"branchMap":{"0":{"loc":{"start":{"line":14,"column":17},"end":{"line":14,"column":41}},"type":"binary-expr","locations":[{"start":{"line":14,"column":17},"end":{"line":14,"column":33}},{"start":{"line":14,"column":37},"end":{"line":14,"column":41}}],"line":14},"1":{"loc":{"start":{"line":21,"column":25},"end":{"line":21,"column":46}},"type":"binary-expr","locations":[{"start":{"line":21,"column":25},"end":{"line":21,"column":40}},{"start":{"line":21,"column":44},"end":{"line":21,"column":46}}],"line":21},"2":{"loc":{"start":{"line":24,"column":28},"end":{"line":24,"column":52}},"type":"binary-expr","locations":[{"start":{"line":24,"column":28},"end":{"line":24,"column":46}},{"start":{"line":24,"column":50},"end":{"line":24,"column":52}}],"line":24},"3":{"loc":{"start":{"line":25,"column":20},"end":{"line":25,"column":84}},"type":"cond-expr","locations":[{"start":{"line":25,"column":44},"end":{"line":25,"column":79}},{"start":{"line":25,"column":82},"end":{"line":25,"column":84}}],"line":25},"4":{"loc":{"start":{"line":26,"column":24},"end":{"line":26,"column":59}},"type":"cond-expr","locations":[{"start":{"line":26,"column":45},"end":{"line":26,"column":52}},{"start":{"line":26,"column":55},"end":{"line":26,"column":59}}],"line":26},"5":{"loc":{"start":{"line":28,"column":4},"end":{"line":30,"column":null}},"type":"if","locations":[{"start":{"line":28,"column":4},"end":{"line":30,"column":null}},{"start":{},"end":{}}],"line":28},"6":{"loc":{"start":{"line":28,"column":8},"end":{"line":28,"column":38}},"type":"binary-expr","locations":[{"start":{"line":28,"column":8},"end":{"line":28,"column":14}},{"start":{"line":28,"column":18},"end":{"line":28,"column":38}}],"line":28},"7":{"loc":{"start":{"line":31,"column":4},"end":{"line":33,"column":null}},"type":"if","locations":[{"start":{"line":31,"column":4},"end":{"line":33,"column":null}},{"start":{},"end":{}}],"line":31},"8":{"loc":{"start":{"line":34,"column":4},"end":{"line":36,"column":null}},"type":"if","locations":[{"start":{"line":34,"column":4},"end":{"line":36,"column":null}},{"start":{},"end":{}}],"line":34},"9":{"loc":{"start":{"line":40,"column":4},"end":{"line":42,"column":null}},"type":"if","locations":[{"start":{"line":40,"column":4},"end":{"line":42,"column":null}},{"start":{},"end":{}}],"line":40},"10":{"loc":{"start":{"line":62,"column":25},"end":{"line":62,"column":46}},"type":"binary-expr","locations":[{"start":{"line":62,"column":25},"end":{"line":62,"column":40}},{"start":{"line":62,"column":44},"end":{"line":62,"column":46}}],"line":62},"11":{"loc":{"start":{"line":65,"column":28},"end":{"line":65,"column":52}},"type":"binary-expr","locations":[{"start":{"line":65,"column":28},"end":{"line":65,"column":46}},{"start":{"line":65,"column":50},"end":{"line":65,"column":52}}],"line":65},"12":{"loc":{"start":{"line":67,"column":4},"end":{"line":69,"column":null}},"type":"if","locations":[{"start":{"line":67,"column":4},"end":{"line":69,"column":null}},{"start":{},"end":{}}],"line":67},"13":{"loc":{"start":{"line":67,"column":8},"end":{"line":67,"column":27}},"type":"binary-expr","locations":[{"start":{"line":67,"column":8},"end":{"line":67,"column":14}},{"start":{"line":67,"column":18},"end":{"line":67,"column":27}}],"line":67},"14":{"loc":{"start":{"line":73,"column":18},"end":{"line":73,"column":81}},"type":"cond-expr","locations":[{"start":{"line":73,"column":24},"end":{"line":73,"column":73}},{"start":{"line":73,"column":76},"end":{"line":73,"column":81}}],"line":73},"15":{"loc":{"start":{"line":74,"column":4},"end":{"line":76,"column":null}},"type":"if","locations":[{"start":{"line":74,"column":4},"end":{"line":76,"column":null}},{"start":{},"end":{}}],"line":74},"16":{"loc":{"start":{"line":74,"column":8},"end":{"line":74,"column":22}},"type":"binary-expr","locations":[{"start":{"line":74,"column":8},"end":{"line":74,"column":12}},{"start":{"line":74,"column":16},"end":{"line":74,"column":22}}],"line":74},"17":{"loc":{"start":{"line":89,"column":4},"end":{"line":91,"column":null}},"type":"if","locations":[{"start":{"line":89,"column":4},"end":{"line":91,"column":null}},{"start":{},"end":{}}],"line":89},"18":{"loc":{"start":{"line":93,"column":4},"end":{"line":95,"column":null}},"type":"if","locations":[{"start":{"line":93,"column":4},"end":{"line":95,"column":null}},{"start":{},"end":{}}],"line":93},"19":{"loc":{"start":{"line":96,"column":20},"end":{"line":96,"column":94}},"type":"cond-expr","locations":[{"start":{"line":96,"column":52},"end":{"line":96,"column":87}},{"start":{"line":96,"column":90},"end":{"line":96,"column":94}}],"line":96},"20":{"loc":{"start":{"line":97,"column":24},"end":{"line":97,"column":70}},"type":"cond-expr","locations":[{"start":{"line":97,"column":56},"end":{"line":97,"column":63}},{"start":{"line":97,"column":66},"end":{"line":97,"column":70}}],"line":97},"21":{"loc":{"start":{"line":97,"column":24},"end":{"line":97,"column":53}},"type":"binary-expr","locations":[{"start":{"line":97,"column":24},"end":{"line":97,"column":31}},{"start":{"line":97,"column":35},"end":{"line":97,"column":53}}],"line":97},"22":{"loc":{"start":{"line":110,"column":4},"end":{"line":112,"column":null}},"type":"if","locations":[{"start":{"line":110,"column":4},"end":{"line":112,"column":null}},{"start":{},"end":{}}],"line":110},"23":{"loc":{"start":{"line":114,"column":4},"end":{"line":116,"column":null}},"type":"if","locations":[{"start":{"line":114,"column":4},"end":{"line":116,"column":null}},{"start":{},"end":{}}],"line":114},"24":{"loc":{"start":{"line":117,"column":35},"end":{"line":117,"column":66}},"type":"binary-expr","locations":[{"start":{"line":117,"column":35},"end":{"line":117,"column":60}},{"start":{"line":117,"column":64},"end":{"line":117,"column":66}}],"line":117},"25":{"loc":{"start":{"line":118,"column":31},"end":{"line":118,"column":58}},"type":"binary-expr","locations":[{"start":{"line":118,"column":31},"end":{"line":118,"column":52}},{"start":{"line":118,"column":56},"end":{"line":118,"column":58}}],"line":118},"26":{"loc":{"start":{"line":119,"column":4},"end":{"line":121,"column":null}},"type":"if","locations":[{"start":{"line":119,"column":4},"end":{"line":121,"column":null}},{"start":{},"end":{}}],"line":119},"27":{"loc":{"start":{"line":122,"column":4},"end":{"line":124,"column":null}},"type":"if","locations":[{"start":{"line":122,"column":4},"end":{"line":124,"column":null}},{"start":{},"end":{}}],"line":122},"28":{"loc":{"start":{"line":127,"column":4},"end":{"line":129,"column":null}},"type":"if","locations":[{"start":{"line":127,"column":4},"end":{"line":129,"column":null}},{"start":{},"end":{}}],"line":127},"29":{"loc":{"start":{"line":131,"column":4},"end":{"line":133,"column":null}},"type":"if","locations":[{"start":{"line":131,"column":4},"end":{"line":133,"column":null}},{"start":{},"end":{}}],"line":131},"30":{"loc":{"start":{"line":144,"column":25},"end":{"line":144,"column":46}},"type":"binary-expr","locations":[{"start":{"line":144,"column":25},"end":{"line":144,"column":40}},{"start":{"line":144,"column":44},"end":{"line":144,"column":46}}],"line":144},"31":{"loc":{"start":{"line":145,"column":4},"end":{"line":147,"column":null}},"type":"if","locations":[{"start":{"line":145,"column":4},"end":{"line":147,"column":null}},{"start":{},"end":{}}],"line":145},"32":{"loc":{"start":{"line":145,"column":8},"end":{"line":145,"column":38}},"type":"binary-expr","locations":[{"start":{"line":145,"column":8},"end":{"line":145,"column":14}},{"start":{"line":145,"column":18},"end":{"line":145,"column":38}}],"line":145},"33":{"loc":{"start":{"line":153,"column":4},"end":{"line":153,"column":null}},"type":"if","locations":[{"start":{"line":153,"column":4},"end":{"line":153,"column":null}},{"start":{},"end":{}}],"line":153},"34":{"loc":{"start":{"line":164,"column":27},"end":{"line":164,"column":81}},"type":"binary-expr","locations":[{"start":{"line":164,"column":27},"end":{"line":164,"column":54}},{"start":{"line":164,"column":58},"end":{"line":164,"column":81}}],"line":164},"35":{"loc":{"start":{"line":176,"column":25},"end":{"line":176,"column":46}},"type":"binary-expr","locations":[{"start":{"line":176,"column":25},"end":{"line":176,"column":40}},{"start":{"line":176,"column":44},"end":{"line":176,"column":46}}],"line":176},"36":{"loc":{"start":{"line":177,"column":31},"end":{"line":177,"column":58}},"type":"binary-expr","locations":[{"start":{"line":177,"column":31},"end":{"line":177,"column":52}},{"start":{"line":177,"column":56},"end":{"line":177,"column":58}}],"line":177},"37":{"loc":{"start":{"line":179,"column":4},"end":{"line":181,"column":null}},"type":"if","locations":[{"start":{"line":179,"column":4},"end":{"line":181,"column":null}},{"start":{},"end":{}}],"line":179},"38":{"loc":{"start":{"line":182,"column":4},"end":{"line":184,"column":null}},"type":"if","locations":[{"start":{"line":182,"column":4},"end":{"line":184,"column":null}},{"start":{},"end":{}}],"line":182},"39":{"loc":{"start":{"line":185,"column":4},"end":{"line":187,"column":null}},"type":"if","locations":[{"start":{"line":185,"column":4},"end":{"line":187,"column":null}},{"start":{},"end":{}}],"line":185},"40":{"loc":{"start":{"line":192,"column":4},"end":{"line":194,"column":null}},"type":"if","locations":[{"start":{"line":192,"column":4},"end":{"line":194,"column":null}},{"start":{},"end":{}}],"line":192},"41":{"loc":{"start":{"line":192,"column":8},"end":{"line":192,"column":55}},"type":"binary-expr","locations":[{"start":{"line":192,"column":8},"end":{"line":192,"column":12}},{"start":{"line":192,"column":16},"end":{"line":192,"column":24}},{"start":{"line":192,"column":28},"end":{"line":192,"column":55}}],"line":192},"42":{"loc":{"start":{"line":208,"column":2},"end":{"line":210,"column":null}},"type":"if","locations":[{"start":{"line":208,"column":2},"end":{"line":210,"column":null}},{"start":{},"end":{}}],"line":208},"43":{"loc":{"start":{"line":208,"column":6},"end":{"line":208,"column":36}},"type":"binary-expr","locations":[{"start":{"line":208,"column":6},"end":{"line":208,"column":8}},{"start":{"line":208,"column":12},"end":{"line":208,"column":36}}],"line":208},"44":{"loc":{"start":{"line":212,"column":2},"end":{"line":214,"column":null}},"type":"if","locations":[{"start":{"line":212,"column":2},"end":{"line":214,"column":null}},{"start":{},"end":{}}],"line":212},"45":{"loc":{"start":{"line":212,"column":6},"end":{"line":212,"column":49}},"type":"binary-expr","locations":[{"start":{"line":212,"column":6},"end":{"line":212,"column":14}},{"start":{"line":212,"column":18},"end":{"line":212,"column":49}}],"line":212},"46":{"loc":{"start":{"line":218,"column":2},"end":{"line":220,"column":null}},"type":"if","locations":[{"start":{"line":218,"column":2},"end":{"line":220,"column":null}},{"start":{},"end":{}}],"line":218}},"s":{"0":4,"1":40,"2":4,"3":40,"4":40,"5":40,"6":40,"7":40,"8":40,"9":1,"10":39,"11":1,"12":38,"13":1,"14":37,"15":37,"16":37,"17":1,"18":36,"19":36,"20":36,"21":36,"22":36,"23":36,"24":36,"25":0,"26":4,"27":4,"28":4,"29":4,"30":4,"31":1,"32":3,"33":3,"34":3,"35":4,"36":2,"37":1,"38":1,"39":1,"40":0,"41":4,"42":3,"43":3,"44":3,"45":1,"46":2,"47":2,"48":0,"49":2,"50":3,"51":3,"52":3,"53":3,"54":3,"55":0,"56":4,"57":4,"58":4,"59":4,"60":1,"61":3,"62":3,"63":0,"64":3,"65":4,"66":4,"67":1,"68":2,"69":0,"70":2,"71":2,"72":2,"73":0,"74":2,"75":2,"76":1,"77":1,"78":1,"79":1,"80":0,"81":4,"82":3,"83":3,"84":3,"85":1,"86":2,"87":2,"88":2,"89":2,"90":1,"91":1,"92":1,"93":1,"94":1,"95":3,"96":3,"97":1,"98":0,"99":4,"100":5,"101":5,"102":5,"103":5,"104":1,"105":4,"106":1,"107":3,"108":0,"109":3,"110":3,"111":3,"112":2,"113":1,"114":1,"115":1,"116":1,"117":0,"118":4,"119":3,"120":3,"121":1,"122":2,"123":2,"124":1,"125":1,"126":1,"127":1,"128":0,"129":1},"f":{"0":40,"1":40,"2":4,"3":3,"4":4,"5":3,"6":5,"7":3},"b":{"0":[40,7],"1":[40,0],"2":[40,0],"3":[31,9],"4":[31,9],"5":[1,39],"6":[40,40],"7":[1,38],"8":[1,37],"9":[1,36],"10":[4,1],"11":[4,1],"12":[1,3],"13":[4,3],"14":[2,1],"15":[2,2],"16":[4,2],"17":[1,2],"18":[0,2],"19":[2,0],"20":[1,1],"21":[3,1],"22":[1,3],"23":[0,3],"24":[3,0],"25":[4,0],"26":[1,3],"27":[0,2],"28":[0,2],"29":[1,1],"30":[3,0],"31":[1,2],"32":[3,3],"33":[1,1],"34":[1,1],"35":[5,1],"36":[5,0],"37":[1,4],"38":[1,3],"39":[0,3],"40":[2,1],"41":[3,3,2],"42":[1,2],"43":[3,2],"44":[1,1],"45":[2,1],"46":[0,1]},"meta":{"lastBranch":47,"lastFunction":8,"lastStatement":130,"seen":{"s:8:14:8:23":0,"f:10:9:10:18":0,"s:11:2:16:Infinity":1,"b:14:17:14:33:14:37:14:41":0,"s:19:0:58:Infinity":2,"f:19:25:19:30":1,"s:20:2:57:Infinity":3,"s:21:18:23:20":4,"b:21:25:21:40:21:44:21:46":1,"s:24:21:24:53":5,"b:24:28:24:46:24:50:24:52":2,"s:25:20:25:84":6,"b:25:44:25:79:25:82:25:84":3,"s:26:24:26:59":7,"b:26:45:26:52:26:55:26:59":4,"b:28:4:30:Infinity:undefined:undefined:undefined:undefined":5,"s:28:4:30:Infinity":8,"b:28:8:28:14:28:18:28:38":6,"s:29:6:29:Infinity":9,"b:31:4:33:Infinity:undefined:undefined:undefined:undefined":7,"s:31:4:33:Infinity":10,"s:32:6:32:Infinity":11,"b:34:4:36:Infinity:undefined:undefined:undefined:undefined":8,"s:34:4:36:Infinity":12,"s:35:6:35:Infinity":13,"s:38:14:38:22":14,"s:39:21:39:82":15,"b:40:4:42:Infinity:undefined:undefined:undefined:undefined":9,"s:40:4:42:Infinity":16,"s:41:6:41:Infinity":17,"s:44:15:44:34":18,"s:45:17:45:48":19,"s:46:22:46:46":20,"s:48:4:50:Infinity":21,"s:52:17:52:91":22,"s:53:17:53:47":23,"s:54:4:54:Infinity":24,"s:56:4:56:Infinity":25,"s:60:0:84:Infinity":26,"f:60:22:60:27":2,"s:61:2:83:Infinity":27,"s:62:18:64:20":28,"b:62:25:62:40:62:44:62:46":10,"s:65:21:65:53":29,"b:65:28:65:46:65:50:65:52":11,"b:67:4:69:Infinity:undefined:undefined:undefined:undefined":12,"s:67:4:69:Infinity":30,"b:67:8:67:14:67:18:67:27":13,"s:68:6:68:Infinity":31,"s:71:14:71:22":32,"s:72:16:72:76":33,"s:73:18:73:81":34,"b:73:24:73:73:73:76:73:81":14,"b:74:4:76:Infinity:undefined:undefined:undefined:undefined":15,"s:74:4:76:Infinity":35,"b:74:8:74:12:74:16:74:22":16,"s:75:6:75:Infinity":36,"s:78:17:78:31":37,"s:79:17:79:62":38,"s:80:4:80:Infinity":39,"s:82:4:82:Infinity":40,"s:86:0:105:Infinity":41,"f:86:25:86:30":3,"s:87:2:104:Infinity":42,"s:88:14:88:39":43,"b:89:4:91:Infinity:undefined:undefined:undefined:undefined":17,"s:89:4:91:Infinity":44,"s:90:6:90:Infinity":45,"s:92:19:92:43":46,"b:93:4:95:Infinity:undefined:undefined:undefined:undefined":18,"s:93:4:95:Infinity":47,"s:94:6:94:Infinity":48,"s:96:20:96:94":49,"b:96:52:96:87:96:90:96:94":19,"s:97:24:97:70":50,"b:97:56:97:63:97:66:97:70":20,"b:97:24:97:31:97:35:97:53":21,"s:98:14:98:22":51,"s:99:4:99:Infinity":52,"s:100:16:100:79":53,"s:101:4:101:Infinity":54,"s:103:4:103:Infinity":55,"s:107:0:140:Infinity":56,"f:107:26:107:31":4,"s:108:2:139:Infinity":57,"s:109:14:109:39":58,"b:110:4:112:Infinity:undefined:undefined:undefined:undefined":22,"s:110:4:112:Infinity":59,"s:111:6:111:Infinity":60,"s:113:19:113:43":61,"b:114:4:116:Infinity:undefined:undefined:undefined:undefined":23,"s:114:4:116:Infinity":62,"s:115:6:115:Infinity":63,"s:117:28:117:67":64,"b:117:35:117:60:117:64:117:66":24,"s:118:24:118:59":65,"b:118:31:118:52:118:56:118:58":25,"b:119:4:121:Infinity:undefined:undefined:undefined:undefined":26,"s:119:4:121:Infinity":66,"s:120:6:120:Infinity":67,"b:122:4:124:Infinity:undefined:undefined:undefined:undefined":27,"s:122:4:124:Infinity":68,"s:123:6:123:Infinity":69,"s:125:14:125:22":70,"s:126:16:126:79":71,"b:127:4:129:Infinity:undefined:undefined:undefined:undefined":28,"s:127:4:129:Infinity":72,"s:128:6:128:Infinity":73,"s:130:18:130:74":74,"b:131:4:133:Infinity:undefined:undefined:undefined:undefined":29,"s:131:4:133:Infinity":75,"s:132:6:132:Infinity":76,"s:134:17:134:51":77,"s:135:4:135:Infinity":78,"s:136:4:136:Infinity":79,"s:138:4:138:Infinity":80,"s:142:0:172:Infinity":81,"f:142:32:142:37":5,"s:143:2:171:Infinity":82,"s:144:18:144:68":83,"b:144:25:144:40:144:44:144:46":30,"b:145:4:147:Infinity:undefined:undefined:undefined:undefined":31,"s:145:4:147:Infinity":84,"b:145:8:145:14:145:18:145:38":32,"s:146:6:146:Infinity":85,"s:149:14:149:22":86,"s:150:17:150:78":87,"b:153:4:153:Infinity:undefined:undefined:undefined:undefined":33,"s:153:4:153:Infinity":88,"s:153:15:153:Infinity":89,"s:156:4:156:Infinity":90,"s:158:18:158:56":91,"s:159:22:159:49":92,"s:160:4:162:Infinity":93,"s:164:27:164:81":94,"b:164:27:164:54:164:58:164:81":34,"s:165:21:165:70":95,"s:166:4:166:Infinity":96,"s:168:4:168:Infinity":97,"s:170:4:170:Infinity":98,"s:174:0:204:Infinity":99,"f:174:31:174:36":6,"s:175:2:203:Infinity":100,"s:176:18:176:54":101,"b:176:25:176:40:176:44:176:46":35,"s:177:24:177:59":102,"b:177:31:177:52:177:56:177:58":36,"b:179:4:181:Infinity:undefined:undefined:undefined:undefined":37,"s:179:4:181:Infinity":103,"s:180:6:180:Infinity":104,"b:182:4:184:Infinity:undefined:undefined:undefined:undefined":38,"s:182:4:184:Infinity":105,"s:183:6:183:Infinity":106,"b:185:4:187:Infinity:undefined:undefined:undefined:undefined":39,"s:185:4:187:Infinity":107,"s:186:6:186:Infinity":108,"s:189:14:189:22":109,"s:190:16:190:92":110,"b:192:4:194:Infinity:undefined:undefined:undefined:undefined":40,"s:192:4:194:Infinity":111,"b:192:8:192:12:192:16:192:24:192:28:192:55":41,"s:193:6:193:Infinity":112,"s:196:17:196:51":113,"s:197:4:197:Infinity":114,"s:198:4:198:Infinity":115,"s:200:4:200:Infinity":116,"s:202:4:202:Infinity":117,"s:206:0:223:Infinity":118,"f:206:18:206:19":7,"s:207:12:207:37":119,"b:208:2:210:Infinity:undefined:undefined:undefined:undefined":42,"s:208:2:210:Infinity":120,"b:208:6:208:8:208:12:208:36":43,"s:209:4:209:Infinity":121,"s:211:17:211:41":122,"b:212:2:214:Infinity:undefined:undefined:undefined:undefined":44,"s:212:2:214:Infinity":123,"b:212:6:212:14:212:18:212:49":45,"s:213:4:213:Infinity":124,"s:216:12:216:20":125,"s:217:14:217:77":126,"b:218:2:220:Infinity:undefined:undefined:undefined:undefined":46,"s:218:2:220:Infinity":127,"s:219:4:219:Infinity":128,"s:222:2:222:Infinity":129}}}
,"D:\\Documents\\УЧЕБА\\4 КУРС\\ДИПЛОМ\\media-insight-hub\\server\\src\\routes\\favoritesRoutes.js": {"path":"D:\\Documents\\УЧЕБА\\4 КУРС\\ДИПЛОМ\\media-insight-hub\\server\\src\\routes\\favoritesRoutes.js","statementMap":{"0":{"start":{"line":6,"column":14},"end":{"line":6,"column":23}},"1":{"start":{"line":8,"column":0},"end":{"line":8,"column":null}},"2":{"start":{"line":10,"column":24},"end":{"line":10,"column":27}},"3":{"start":{"line":11,"column":24},"end":{"line":11,"column":33}},"4":{"start":{"line":12,"column":23},"end":{"line":12,"column":32}},"5":{"start":{"line":14,"column":0},"end":{"line":30,"column":null}},"6":{"start":{"line":15,"column":12},"end":{"line":15,"column":20}},"7":{"start":{"line":16,"column":15},"end":{"line":18,"column":36}},"8":{"start":{"line":20,"column":16},"end":{"line":28,"column":5}},"9":{"start":{"line":20,"column":33},"end":{"line":28,"column":3}},"10":{"start":{"line":29,"column":2},"end":{"line":29,"column":null}},"11":{"start":{"line":32,"column":0},"end":{"line":64,"column":null}},"12":{"start":{"line":33,"column":16},"end":{"line":33,"column":52}},"13":{"start":{"line":34,"column":18},"end":{"line":34,"column":61}},"14":{"start":{"line":35,"column":2},"end":{"line":37,"column":null}},"15":{"start":{"line":36,"column":4},"end":{"line":36,"column":null}},"16":{"start":{"line":38,"column":15},"end":{"line":38,"column":64}},"17":{"start":{"line":40,"column":4},"end":{"line":42,"column":12}},"18":{"start":{"line":44,"column":4},"end":{"line":46,"column":12}},"19":{"start":{"line":47,"column":2},"end":{"line":49,"column":null}},"20":{"start":{"line":48,"column":4},"end":{"line":48,"column":null}},"21":{"start":{"line":50,"column":2},"end":{"line":52,"column":null}},"22":{"start":{"line":51,"column":4},"end":{"line":51,"column":null}},"23":{"start":{"line":54,"column":13},"end":{"line":54,"column":32}},"24":{"start":{"line":55,"column":20},"end":{"line":55,"column":44}},"25":{"start":{"line":56,"column":22},"end":{"line":56,"column":32}},"26":{"start":{"line":58,"column":12},"end":{"line":58,"column":20}},"27":{"start":{"line":59,"column":2},"end":{"line":61,"column":null}},"28":{"start":{"line":63,"column":2},"end":{"line":63,"column":null}},"29":{"start":{"line":66,"column":0},"end":{"line":74,"column":null}},"30":{"start":{"line":67,"column":13},"end":{"line":67,"column":40}},"31":{"start":{"line":68,"column":12},"end":{"line":68,"column":20}},"32":{"start":{"line":69,"column":17},"end":{"line":69,"column":101}},"33":{"start":{"line":70,"column":2},"end":{"line":72,"column":null}},"34":{"start":{"line":71,"column":4},"end":{"line":71,"column":null}},"35":{"start":{"line":73,"column":2},"end":{"line":73,"column":null}}},"fnMap":{"0":{"name":"(anonymous_0)","decl":{"start":{"line":14,"column":16},"end":{"line":14,"column":17}},"loc":{"start":{"line":14,"column":30},"end":{"line":30,"column":1}},"line":14},"1":{"name":"(anonymous_1)","decl":{"start":{"line":20,"column":25},"end":{"line":20,"column":26}},"loc":{"start":{"line":20,"column":33},"end":{"line":28,"column":3}},"line":20},"2":{"name":"(anonymous_2)","decl":{"start":{"line":32,"column":17},"end":{"line":32,"column":18}},"loc":{"start":{"line":32,"column":31},"end":{"line":64,"column":1}},"line":32},"3":{"name":"(anonymous_3)","decl":{"start":{"line":66,"column":22},"end":{"line":66,"column":23}},"loc":{"start":{"line":66,"column":36},"end":{"line":74,"column":1}},"line":66}},"branchMap":{"0":{"loc":{"start":{"line":25,"column":10},"end":{"line":25,"column":51}},"type":"cond-expr","locations":[{"start":{"line":25,"column":32},"end":{"line":25,"column":40}},{"start":{"line":25,"column":43},"end":{"line":25,"column":51}}],"line":25},"1":{"loc":{"start":{"line":26,"column":18},"end":{"line":26,"column":46}},"type":"binary-expr","locations":[{"start":{"line":26,"column":18},"end":{"line":26,"column":33}},{"start":{"line":26,"column":37},"end":{"line":26,"column":46}}],"line":26},"2":{"loc":{"start":{"line":27,"column":19},"end":{"line":27,"column":null}},"type":"binary-expr","locations":[{"start":{"line":27,"column":19},"end":{"line":27,"column":35}},{"start":{"line":27,"column":39},"end":{"line":27,"column":null}}],"line":27},"3":{"loc":{"start":{"line":33,"column":23},"end":{"line":33,"column":44}},"type":"binary-expr","locations":[{"start":{"line":33,"column":23},"end":{"line":33,"column":38}},{"start":{"line":33,"column":42},"end":{"line":33,"column":44}}],"line":33},"4":{"loc":{"start":{"line":34,"column":18},"end":{"line":34,"column":61}},"type":"binary-expr","locations":[{"start":{"line":34,"column":18},"end":{"line":34,"column":54}},{"start":{"line":34,"column":58},"end":{"line":34,"column":61}}],"line":34},"5":{"loc":{"start":{"line":34,"column":25},"end":{"line":34,"column":46}},"type":"binary-expr","locations":[{"start":{"line":34,"column":25},"end":{"line":34,"column":39}},{"start":{"line":34,"column":43},"end":{"line":34,"column":46}}],"line":34},"6":{"loc":{"start":{"line":35,"column":2},"end":{"line":37,"column":null}},"type":"if","locations":[{"start":{"line":35,"column":2},"end":{"line":37,"column":null}},{"start":{},"end":{}}],"line":35},"7":{"loc":{"start":{"line":38,"column":15},"end":{"line":38,"column":64}},"type":"cond-expr","locations":[{"start":{"line":38,"column":45},"end":{"line":38,"column":53}},{"start":{"line":38,"column":56},"end":{"line":38,"column":64}}],"line":38},"8":{"loc":{"start":{"line":40,"column":4},"end":{"line":42,"column":12}},"type":"cond-expr","locations":[{"start":{"line":41,"column":8},"end":{"line":41,"column":null}},{"start":{"line":42,"column":8},"end":{"line":42,"column":12}}],"line":40},"9":{"loc":{"start":{"line":40,"column":4},"end":{"line":40,"column":null}},"type":"binary-expr","locations":[{"start":{"line":40,"column":4},"end":{"line":40,"column":34}},{"start":{"line":40,"column":38},"end":{"line":40,"column":null}}],"line":40},"10":{"loc":{"start":{"line":44,"column":4},"end":{"line":46,"column":12}},"type":"cond-expr","locations":[{"start":{"line":45,"column":8},"end":{"line":45,"column":null}},{"start":{"line":46,"column":8},"end":{"line":46,"column":12}}],"line":44},"11":{"loc":{"start":{"line":44,"column":4},"end":{"line":44,"column":null}},"type":"binary-expr","locations":[{"start":{"line":44,"column":4},"end":{"line":44,"column":35}},{"start":{"line":44,"column":39},"end":{"line":44,"column":null}}],"line":44},"12":{"loc":{"start":{"line":47,"column":2},"end":{"line":49,"column":null}},"type":"if","locations":[{"start":{"line":47,"column":2},"end":{"line":49,"column":null}},{"start":{},"end":{}}],"line":47},"13":{"loc":{"start":{"line":47,"column":6},"end":{"line":47,"column":59}},"type":"binary-expr","locations":[{"start":{"line":47,"column":6},"end":{"line":47,"column":18}},{"start":{"line":47,"column":22},"end":{"line":47,"column":59}}],"line":47},"14":{"loc":{"start":{"line":50,"column":2},"end":{"line":52,"column":null}},"type":"if","locations":[{"start":{"line":50,"column":2},"end":{"line":52,"column":null}},{"start":{},"end":{}}],"line":50},"15":{"loc":{"start":{"line":50,"column":6},"end":{"line":50,"column":60}},"type":"binary-expr","locations":[{"start":{"line":50,"column":6},"end":{"line":50,"column":19}},{"start":{"line":50,"column":23},"end":{"line":50,"column":60}}],"line":50},"16":{"loc":{"start":{"line":67,"column":20},"end":{"line":67,"column":39}},"type":"binary-expr","locations":[{"start":{"line":67,"column":20},"end":{"line":67,"column":33}},{"start":{"line":67,"column":37},"end":{"line":67,"column":39}}],"line":67},"17":{"loc":{"start":{"line":70,"column":2},"end":{"line":72,"column":null}},"type":"if","locations":[{"start":{"line":70,"column":2},"end":{"line":72,"column":null}},{"start":{},"end":{}}],"line":70}},"s":{"0":4,"1":4,"2":4,"3":4,"4":4,"5":4,"6":4,"7":4,"8":4,"9":3,"10":4,"11":4,"12":7,"13":7,"14":7,"15":1,"16":6,"17":7,"18":7,"19":7,"20":0,"21":6,"22":0,"23":6,"24":6,"25":6,"26":6,"27":6,"28":6,"29":4,"30":3,"31":3,"32":3,"33":3,"34":2,"35":1},"f":{"0":4,"1":3,"2":7,"3":3},"b":{"0":[1,2],"1":[3,3],"2":[3,3],"3":[7,1],"4":[7,0],"5":[7,0],"6":[1,6],"7":[1,5],"8":[0,6],"9":[7,0],"10":[0,6],"11":[7,0],"12":[0,7],"13":[7,0],"14":[0,6],"15":[6,0],"16":[3,0],"17":[2,1]},"meta":{"lastBranch":18,"lastFunction":4,"lastStatement":36,"seen":{"s:6:14:6:23":0,"s:8:0:8:Infinity":1,"s:10:24:10:27":2,"s:11:24:11:33":3,"s:12:23:12:32":4,"s:14:0:30:Infinity":5,"f:14:16:14:17":0,"s:15:12:15:20":6,"s:16:15:18:36":7,"s:20:16:28:5":8,"f:20:25:20:26":1,"s:20:33:28:3":9,"b:25:32:25:40:25:43:25:51":0,"b:26:18:26:33:26:37:26:46":1,"b:27:19:27:35:27:39:27:Infinity":2,"s:29:2:29:Infinity":10,"s:32:0:64:Infinity":11,"f:32:17:32:18":2,"s:33:16:33:52":12,"b:33:23:33:38:33:42:33:44":3,"s:34:18:34:61":13,"b:34:18:34:54:34:58:34:61":4,"b:34:25:34:39:34:43:34:46":5,"b:35:2:37:Infinity:undefined:undefined:undefined:undefined":6,"s:35:2:37:Infinity":14,"s:36:4:36:Infinity":15,"s:38:15:38:64":16,"b:38:45:38:53:38:56:38:64":7,"s:40:4:42:12":17,"b:41:8:41:Infinity:42:8:42:12":8,"b:40:4:40:34:40:38:40:Infinity":9,"s:44:4:46:12":18,"b:45:8:45:Infinity:46:8:46:12":10,"b:44:4:44:35:44:39:44:Infinity":11,"b:47:2:49:Infinity:undefined:undefined:undefined:undefined":12,"s:47:2:49:Infinity":19,"b:47:6:47:18:47:22:47:59":13,"s:48:4:48:Infinity":20,"b:50:2:52:Infinity:undefined:undefined:undefined:undefined":14,"s:50:2:52:Infinity":21,"b:50:6:50:19:50:23:50:60":15,"s:51:4:51:Infinity":22,"s:54:13:54:32":23,"s:55:20:55:44":24,"s:56:22:56:32":25,"s:58:12:58:20":26,"s:59:2:61:Infinity":27,"s:63:2:63:Infinity":28,"s:66:0:74:Infinity":29,"f:66:22:66:23":3,"s:67:13:67:40":30,"b:67:20:67:33:67:37:67:39":16,"s:68:12:68:20":31,"s:69:17:69:101":32,"b:70:2:72:Infinity:undefined:undefined:undefined:undefined":17,"s:70:2:72:Infinity":33,"s:71:4:71:Infinity":34,"s:73:2:73:Infinity":35}}}
,"D:\\Documents\\УЧЕБА\\4 КУРС\\ДИПЛОМ\\media-insight-hub\\server\\src\\routes\\historyRoutes.js": {"path":"D:\\Documents\\УЧЕБА\\4 КУРС\\ДИПЛОМ\\media-insight-hub\\server\\src\\routes\\historyRoutes.js","statementMap":{"0":{"start":{"line":6,"column":14},"end":{"line":6,"column":23}},"1":{"start":{"line":8,"column":0},"end":{"line":8,"column":null}},"2":{"start":{"line":10,"column":22},"end":{"line":10,"column":25}},"3":{"start":{"line":11,"column":24},"end":{"line":11,"column":33}},"4":{"start":{"line":12,"column":23},"end":{"line":12,"column":32}},"5":{"start":{"line":14,"column":0},"end":{"line":30,"column":null}},"6":{"start":{"line":15,"column":12},"end":{"line":15,"column":20}},"7":{"start":{"line":16,"column":15},"end":{"line":18,"column":34}},"8":{"start":{"line":20,"column":16},"end":{"line":28,"column":5}},"9":{"start":{"line":20,"column":33},"end":{"line":28,"column":3}},"10":{"start":{"line":29,"column":2},"end":{"line":29,"column":null}},"11":{"start":{"line":32,"column":0},"end":{"line":43,"column":null}},"12":{"start":{"line":33,"column":13},"end":{"line":33,"column":47}},"13":{"start":{"line":34,"column":2},"end":{"line":36,"column":null}},"14":{"start":{"line":35,"column":4},"end":{"line":35,"column":null}},"15":{"start":{"line":37,"column":12},"end":{"line":37,"column":20}},"16":{"start":{"line":38,"column":17},"end":{"line":38,"column":99}},"17":{"start":{"line":39,"column":2},"end":{"line":41,"column":null}},"18":{"start":{"line":40,"column":4},"end":{"line":40,"column":null}},"19":{"start":{"line":42,"column":2},"end":{"line":42,"column":null}},"20":{"start":{"line":45,"column":0},"end":{"line":80,"column":null}},"21":{"start":{"line":46,"column":13},"end":{"line":46,"column":50}},"22":{"start":{"line":47,"column":2},"end":{"line":49,"column":null}},"23":{"start":{"line":48,"column":4},"end":{"line":48,"column":null}},"24":{"start":{"line":50,"column":16},"end":{"line":50,"column":52}},"25":{"start":{"line":51,"column":2},"end":{"line":53,"column":null}},"26":{"start":{"line":52,"column":4},"end":{"line":52,"column":null}},"27":{"start":{"line":54,"column":18},"end":{"line":54,"column":78}},"28":{"start":{"line":56,"column":4},"end":{"line":58,"column":12}},"29":{"start":{"line":60,"column":4},"end":{"line":62,"column":12}},"30":{"start":{"line":63,"column":2},"end":{"line":65,"column":null}},"31":{"start":{"line":64,"column":4},"end":{"line":64,"column":null}},"32":{"start":{"line":66,"column":2},"end":{"line":68,"column":null}},"33":{"start":{"line":67,"column":4},"end":{"line":67,"column":null}},"34":{"start":{"line":70,"column":13},"end":{"line":70,"column":32}},"35":{"start":{"line":71,"column":20},"end":{"line":71,"column":44}},"36":{"start":{"line":72,"column":22},"end":{"line":72,"column":32}},"37":{"start":{"line":74,"column":12},"end":{"line":74,"column":20}},"38":{"start":{"line":75,"column":2},"end":{"line":77,"column":null}},"39":{"start":{"line":79,"column":2},"end":{"line":79,"column":null}}},"fnMap":{"0":{"name":"(anonymous_0)","decl":{"start":{"line":14,"column":16},"end":{"line":14,"column":17}},"loc":{"start":{"line":14,"column":30},"end":{"line":30,"column":1}},"line":14},"1":{"name":"(anonymous_1)","decl":{"start":{"line":20,"column":25},"end":{"line":20,"column":26}},"loc":{"start":{"line":20,"column":33},"end":{"line":28,"column":3}},"line":20},"2":{"name":"(anonymous_2)","decl":{"start":{"line":32,"column":22},"end":{"line":32,"column":23}},"loc":{"start":{"line":32,"column":36},"end":{"line":43,"column":1}},"line":32},"3":{"name":"(anonymous_3)","decl":{"start":{"line":45,"column":17},"end":{"line":45,"column":18}},"loc":{"start":{"line":45,"column":31},"end":{"line":80,"column":1}},"line":45}},"branchMap":{"0":{"loc":{"start":{"line":24,"column":10},"end":{"line":24,"column":29}},"type":"binary-expr","locations":[{"start":{"line":24,"column":10},"end":{"line":24,"column":16}},{"start":{"line":24,"column":20},"end":{"line":24,"column":29}}],"line":24},"1":{"loc":{"start":{"line":26,"column":18},"end":{"line":26,"column":46}},"type":"binary-expr","locations":[{"start":{"line":26,"column":18},"end":{"line":26,"column":33}},{"start":{"line":26,"column":37},"end":{"line":26,"column":46}}],"line":26},"2":{"loc":{"start":{"line":27,"column":19},"end":{"line":27,"column":null}},"type":"binary-expr","locations":[{"start":{"line":27,"column":19},"end":{"line":27,"column":35}},{"start":{"line":27,"column":39},"end":{"line":27,"column":null}}],"line":27},"3":{"loc":{"start":{"line":33,"column":20},"end":{"line":33,"column":39}},"type":"binary-expr","locations":[{"start":{"line":33,"column":20},"end":{"line":33,"column":33}},{"start":{"line":33,"column":37},"end":{"line":33,"column":39}}],"line":33},"4":{"loc":{"start":{"line":34,"column":2},"end":{"line":36,"column":null}},"type":"if","locations":[{"start":{"line":34,"column":2},"end":{"line":36,"column":null}},{"start":{},"end":{}}],"line":34},"5":{"loc":{"start":{"line":39,"column":2},"end":{"line":41,"column":null}},"type":"if","locations":[{"start":{"line":39,"column":2},"end":{"line":41,"column":null}},{"start":{},"end":{}}],"line":39},"6":{"loc":{"start":{"line":46,"column":20},"end":{"line":46,"column":49}},"type":"binary-expr","locations":[{"start":{"line":46,"column":20},"end":{"line":46,"column":34}},{"start":{"line":46,"column":38},"end":{"line":46,"column":49}}],"line":46},"7":{"loc":{"start":{"line":47,"column":2},"end":{"line":49,"column":null}},"type":"if","locations":[{"start":{"line":47,"column":2},"end":{"line":49,"column":null}},{"start":{},"end":{}}],"line":47},"8":{"loc":{"start":{"line":47,"column":6},"end":{"line":47,"column":70}},"type":"binary-expr","locations":[{"start":{"line":47,"column":6},"end":{"line":47,"column":23}},{"start":{"line":47,"column":27},"end":{"line":47,"column":47}},{"start":{"line":47,"column":51},"end":{"line":47,"column":70}}],"line":47},"9":{"loc":{"start":{"line":50,"column":23},"end":{"line":50,"column":44}},"type":"binary-expr","locations":[{"start":{"line":50,"column":23},"end":{"line":50,"column":38}},{"start":{"line":50,"column":42},"end":{"line":50,"column":44}}],"line":50},"10":{"loc":{"start":{"line":51,"column":2},"end":{"line":53,"column":null}},"type":"if","locations":[{"start":{"line":51,"column":2},"end":{"line":53,"column":null}},{"start":{},"end":{}}],"line":51},"11":{"loc":{"start":{"line":54,"column":18},"end":{"line":54,"column":78}},"type":"cond-expr","locations":[{"start":{"line":54,"column":43},"end":{"line":54,"column":71}},{"start":{"line":54,"column":74},"end":{"line":54,"column":78}}],"line":54},"12":{"loc":{"start":{"line":56,"column":4},"end":{"line":58,"column":12}},"type":"cond-expr","locations":[{"start":{"line":57,"column":8},"end":{"line":57,"column":null}},{"start":{"line":58,"column":8},"end":{"line":58,"column":12}}],"line":56},"13":{"loc":{"start":{"line":56,"column":4},"end":{"line":56,"column":null}},"type":"binary-expr","locations":[{"start":{"line":56,"column":4},"end":{"line":56,"column":34}},{"start":{"line":56,"column":38},"end":{"line":56,"column":null}}],"line":56},"14":{"loc":{"start":{"line":60,"column":4},"end":{"line":62,"column":12}},"type":"cond-expr","locations":[{"start":{"line":61,"column":8},"end":{"line":61,"column":null}},{"start":{"line":62,"column":8},"end":{"line":62,"column":12}}],"line":60},"15":{"loc":{"start":{"line":60,"column":4},"end":{"line":60,"column":null}},"type":"binary-expr","locations":[{"start":{"line":60,"column":4},"end":{"line":60,"column":35}},{"start":{"line":60,"column":39},"end":{"line":60,"column":null}}],"line":60},"16":{"loc":{"start":{"line":63,"column":2},"end":{"line":65,"column":null}},"type":"if","locations":[{"start":{"line":63,"column":2},"end":{"line":65,"column":null}},{"start":{},"end":{}}],"line":63},"17":{"loc":{"start":{"line":63,"column":6},"end":{"line":63,"column":59}},"type":"binary-expr","locations":[{"start":{"line":63,"column":6},"end":{"line":63,"column":18}},{"start":{"line":63,"column":22},"end":{"line":63,"column":59}}],"line":63},"18":{"loc":{"start":{"line":66,"column":2},"end":{"line":68,"column":null}},"type":"if","locations":[{"start":{"line":66,"column":2},"end":{"line":68,"column":null}},{"start":{},"end":{}}],"line":66},"19":{"loc":{"start":{"line":66,"column":6},"end":{"line":66,"column":60}},"type":"binary-expr","locations":[{"start":{"line":66,"column":6},"end":{"line":66,"column":19}},{"start":{"line":66,"column":23},"end":{"line":66,"column":60}}],"line":66}},"s":{"0":4,"1":4,"2":4,"3":4,"4":4,"5":4,"6":6,"7":6,"8":6,"9":5,"10":6,"11":4,"12":3,"13":3,"14":0,"15":3,"16":3,"17":3,"18":2,"19":1,"20":4,"21":7,"22":7,"23":1,"24":7,"25":7,"26":1,"27":6,"28":7,"29":7,"30":7,"31":0,"32":6,"33":0,"34":6,"35":6,"36":6,"37":6,"38":6,"39":6},"f":{"0":6,"1":5,"2":3,"3":7},"b":{"0":[5,2],"1":[5,5],"2":[5,5],"3":[3,0],"4":[0,3],"5":[2,1],"6":[7,3],"7":[1,6],"8":[7,6,1],"9":[7,1],"10":[1,6],"11":[4,2],"12":[0,6],"13":[7,0],"14":[0,6],"15":[7,0],"16":[0,7],"17":[7,0],"18":[0,6],"19":[6,0]},"meta":{"lastBranch":20,"lastFunction":4,"lastStatement":40,"seen":{"s:6:14:6:23":0,"s:8:0:8:Infinity":1,"s:10:22:10:25":2,"s:11:24:11:33":3,"s:12:23:12:32":4,"s:14:0:30:Infinity":5,"f:14:16:14:17":0,"s:15:12:15:20":6,"s:16:15:18:34":7,"s:20:16:28:5":8,"f:20:25:20:26":1,"s:20:33:28:3":9,"b:24:10:24:16:24:20:24:29":0,"b:26:18:26:33:26:37:26:46":1,"b:27:19:27:35:27:39:27:Infinity":2,"s:29:2:29:Infinity":10,"s:32:0:43:Infinity":11,"f:32:22:32:23":2,"s:33:13:33:47":12,"b:33:20:33:33:33:37:33:39":3,"b:34:2:36:Infinity:undefined:undefined:undefined:undefined":4,"s:34:2:36:Infinity":13,"s:35:4:35:Infinity":14,"s:37:12:37:20":15,"s:38:17:38:99":16,"b:39:2:41:Infinity:undefined:undefined:undefined:undefined":5,"s:39:2:41:Infinity":17,"s:40:4:40:Infinity":18,"s:42:2:42:Infinity":19,"s:45:0:80:Infinity":20,"f:45:17:45:18":3,"s:46:13:46:50":21,"b:46:20:46:34:46:38:46:49":6,"b:47:2:49:Infinity:undefined:undefined:undefined:undefined":7,"s:47:2:49:Infinity":22,"b:47:6:47:23:47:27:47:47:47:51:47:70":8,"s:48:4:48:Infinity":23,"s:50:16:50:52":24,"b:50:23:50:38:50:42:50:44":9,"b:51:2:53:Infinity:undefined:undefined:undefined:undefined":10,"s:51:2:53:Infinity":25,"s:52:4:52:Infinity":26,"s:54:18:54:78":27,"b:54:43:54:71:54:74:54:78":11,"s:56:4:58:12":28,"b:57:8:57:Infinity:58:8:58:12":12,"b:56:4:56:34:56:38:56:Infinity":13,"s:60:4:62:12":29,"b:61:8:61:Infinity:62:8:62:12":14,"b:60:4:60:35:60:39:60:Infinity":15,"b:63:2:65:Infinity:undefined:undefined:undefined:undefined":16,"s:63:2:65:Infinity":30,"b:63:6:63:18:63:22:63:59":17,"s:64:4:64:Infinity":31,"b:66:2:68:Infinity:undefined:undefined:undefined:undefined":18,"s:66:2:68:Infinity":32,"b:66:6:66:19:66:23:66:60":19,"s:67:4:67:Infinity":33,"s:70:13:70:32":34,"s:71:20:71:44":35,"s:72:22:72:32":36,"s:74:12:74:20":37,"s:75:2:77:Infinity":38,"s:79:2:79:Infinity":39}}}
,"D:\\Documents\\УЧЕБА\\4 КУРС\\ДИПЛОМ\\media-insight-hub\\server\\src\\routes\\reportsRoutes.js": {"path":"D:\\Documents\\УЧЕБА\\4 КУРС\\ДИПЛОМ\\media-insight-hub\\server\\src\\routes\\reportsRoutes.js","statementMap":{"0":{"start":{"line":6,"column":14},"end":{"line":6,"column":23}},"1":{"start":{"line":8,"column":0},"end":{"line":38,"column":null}},"2":{"start":{"line":9,"column":15},"end":{"line":9,"column":71}},"3":{"start":{"line":11,"column":23},"end":{"line":11,"column":92}},"4":{"start":{"line":12,"column":2},"end":{"line":14,"column":null}},"5":{"start":{"line":13,"column":4},"end":{"line":13,"column":null}},"6":{"start":{"line":16,"column":13},"end":{"line":16,"column":32}},"7":{"start":{"line":17,"column":14},"end":{"line":17,"column":38}},"8":{"start":{"line":19,"column":12},"end":{"line":19,"column":20}},"9":{"start":{"line":20,"column":2},"end":{"line":33,"column":null}},"10":{"start":{"line":35,"column":2},"end":{"line":35,"column":null}},"11":{"start":{"line":37,"column":2},"end":{"line":37,"column":null}}},"fnMap":{"0":{"name":"(anonymous_0)","decl":{"start":{"line":8,"column":17},"end":{"line":8,"column":18}},"loc":{"start":{"line":8,"column":31},"end":{"line":38,"column":1}},"line":8}},"branchMap":{"0":{"loc":{"start":{"line":9,"column":15},"end":{"line":9,"column":71}},"type":"cond-expr","locations":[{"start":{"line":9,"column":58},"end":{"line":9,"column":66}},{"start":{"line":9,"column":69},"end":{"line":9,"column":71}}],"line":9},"1":{"loc":{"start":{"line":9,"column":15},"end":{"line":9,"column":55}},"type":"binary-expr","locations":[{"start":{"line":9,"column":15},"end":{"line":9,"column":23}},{"start":{"line":9,"column":27},"end":{"line":9,"column":55}}],"line":9},"2":{"loc":{"start":{"line":11,"column":23},"end":{"line":11,"column":92}},"type":"cond-expr","locations":[{"start":{"line":11,"column":63},"end":{"line":11,"column":87}},{"start":{"line":11,"column":90},"end":{"line":11,"column":92}}],"line":11},"3":{"loc":{"start":{"line":12,"column":2},"end":{"line":14,"column":null}},"type":"if","locations":[{"start":{"line":12,"column":2},"end":{"line":14,"column":null}},{"start":{},"end":{}}],"line":12},"4":{"loc":{"start":{"line":25,"column":4},"end":{"line":25,"column":56}},"type":"cond-expr","locations":[{"start":{"line":25,"column":38},"end":{"line":25,"column":49}},{"start":{"line":25,"column":52},"end":{"line":25,"column":56}}],"line":25},"5":{"loc":{"start":{"line":27,"column":4},"end":{"line":27,"column":69}},"type":"cond-expr","locations":[{"start":{"line":27,"column":37},"end":{"line":27,"column":62}},{"start":{"line":27,"column":65},"end":{"line":27,"column":69}}],"line":27},"6":{"loc":{"start":{"line":28,"column":4},"end":{"line":28,"column":72}},"type":"cond-expr","locations":[{"start":{"line":28,"column":39},"end":{"line":28,"column":65}},{"start":{"line":28,"column":68},"end":{"line":28,"column":72}}],"line":28},"7":{"loc":{"start":{"line":29,"column":4},"end":{"line":29,"column":76}},"type":"cond-expr","locations":[{"start":{"line":29,"column":41},"end":{"line":29,"column":69}},{"start":{"line":29,"column":72},"end":{"line":29,"column":76}}],"line":29},"8":{"loc":{"start":{"line":30,"column":4},"end":{"line":30,"column":73}},"type":"cond-expr","locations":[{"start":{"line":30,"column":40},"end":{"line":30,"column":66}},{"start":{"line":30,"column":69},"end":{"line":30,"column":73}}],"line":30},"9":{"loc":{"start":{"line":31,"column":4},"end":{"line":31,"column":73}},"type":"cond-expr","locations":[{"start":{"line":31,"column":40},"end":{"line":31,"column":66}},{"start":{"line":31,"column":69},"end":{"line":31,"column":73}}],"line":31}},"s":{"0":4,"1":4,"2":7,"3":7,"4":7,"5":3,"6":4,"7":4,"8":4,"9":4,"10":7,"11":7},"f":{"0":7},"b":{"0":[7,0],"1":[7,7],"2":[5,2],"3":[3,4],"4":[1,3],"5":[1,3],"6":[1,3],"7":[0,4],"8":[1,3],"9":[1,3]},"meta":{"lastBranch":10,"lastFunction":1,"lastStatement":12,"seen":{"s:6:14:6:23":0,"s:8:0:38:Infinity":1,"f:8:17:8:18":0,"s:9:15:9:71":2,"b:9:58:9:66:9:69:9:71":0,"b:9:15:9:23:9:27:9:55":1,"s:11:23:11:92":3,"b:11:63:11:87:11:90:11:92":2,"b:12:2:14:Infinity:undefined:undefined:undefined:undefined":3,"s:12:2:14:Infinity":4,"s:13:4:13:Infinity":5,"s:16:13:16:32":6,"s:17:14:17:38":7,"s:19:12:19:20":8,"s:20:2:33:Infinity":9,"b:25:38:25:49:25:52:25:56":4,"b:27:37:27:62:27:65:27:69":5,"b:28:39:28:65:28:68:28:72":6,"b:29:41:29:69:29:72:29:76":7,"b:30:40:30:66:30:69:30:73":8,"b:31:40:31:66:31:69:31:73":9,"s:35:2:35:Infinity":10,"s:37:2:37:Infinity":11}}}
}
